print Generated from Y:\HUC8_models\models\07120002.accdb Time: 8/1/2019 1:23:55 PM
 N_Yrs_SKIP JD_START YRC_START JD_END YRC_END INTERVAL
          0        0         0      0       0        1
 aa_int_cnt
          0
 CSVOUT DBOUT CDFOUT
      n     n      n
 SOILOUT MGTOUT HYDCON FDCOUT
       n      n      n      n
       OBJECTS     DAILY   MONTHLY    YEARLY     AVANN
      basin_wb         n         n         y         y
      basin_nb         n         n         y         y
      basin_ls         n         n         y         y
      basin_pw         n         n         y         y
     basin_aqu         n         n         n         n
     basin_res         n         n         n         n
     basin_cha         n         n         n         n
  basin_sd_cha         n         n         y         y
     basin_psc         n         n         n         n
     region_wb         n         n         n         n
     region_nb         n         n         n         n
     region_ls         n         n         n         n
     region_pw         n         n         n         n
    region_aqu         n         n         n         n
    region_res         n         n         n         n
    region_cha         n         n         n         n
 region_sd_cha         n         n         y         y
    region_psc         n         n         n         n
     lsunit_wb         n         n         y         n
     lsunit_nb         n         n         y         n
     lsunit_ls         n         n         y         n
     lsunit_pw         n         n         y         n
        hru_wb         n         n         y         y
        hru_nb         n         n         y         y
        hru_ls         n         n         y         y
        hru_pw         n         n         y         y
    hru-lte_wb         n         n         n         n
    hru-lte_nb         n         n         n         n
    hru-lte_ls         n         n         n         n
    hru-lte_pw         n         n         n         n
       channel         n         n         y         n
    channel_sd         n         n         y         y
       aquifer         n         n         y         n
     reservoir         n         n         y         n
        recall         n         n         n         n
           hyd         n         n         n         n
