print.prt: Output print settings
NYSKIP    JD_START      JD_END    YR_START     YR_END     INTERVAL
     0           1         366        1988       2012            1
AA_NUMINT
  0    
OBJECTS      WATBAL      NUTBAL      LOSSES    PL/WEAT        AQU       RES     CHAN    PTSRC      
basin          year       avann       avann       year      avann      null    avann    null
region         null        null        null       null       null      null     null     null    
subbasin        day         day         day        day
hru            year       avann       avann       year
hru-lte        null        null        null       null
chan           year
aqu            year
res            null
hyd            null
HYDCON         null
SOLOUT         null
MGTOUT         null      
CSVOUT         no      
FDCOUT         no
