print.prt: Output print settings
NYSKIP    JD_START      JD_END    YR_START     YR_END     INTERVAL
     5           0           0           0          0            1
AA_NUMINT
     0
CSV         DB        NETCDF
   n         n             n
SOIL        MGT        HYDCON         FDC	
   n          n             n           n	 
OBJECTS        DAILY       MONTHLY      YEARLY      AVANN      
basin_wb           y             y           y          y
basin_nb           n             n           n          n
basin_ls           n             n           n          n
basin_pw           n             n           n          n
basin_aqu          n             n           n          y
basin_res          n             n           n          y
basin_cha          n             n           n          y
basin_sd_cha       n             n           n          n
basin_psc          n             n           n          n
region_wb          n             n           n          n
region_nb          n             n           n          n
region_ls          n             n           n          n
region_pw          n             n           n          n
region_aqu         n             n           n          n
region_res         n             n           n          n
region_cha         n             n           n          n
region_sd_cha      n             n           n          n 
region_psc         n             n           n          n
lsunit_wb          y             y           y          y
lsunit_nb          n             n           n          n
lsunit_ls          n             n           n          n
lsunit_pw          n             n           n          n
hru_wb             y             y           y          y
hru_nb             n             n           n          n
hru_ls             n             n           n          n
hru_pw             y             y           y          y
hru-lte_wb         n             n           n          n
hru-lte_nb         n             n           n          n
hru-lte_ls         n             n           n          n
hru-lte_pw         n             n           n          n
channel            y             y           y          y
channel_sd         n             n           n          n
aquifer            y             y           y          y
reservoir          y             y           y          y
recall	           n             n           n          n
hyd                y             y           y          y
ru                 n             n           n          n          
