 FILES_OUT - OUTPUT FILES WRITTEN
 SWAT-DEG     waterbal.sd
 SWAT-DEG     waterbal_aa.sd
 SWAT-DEG     losses.sd
 SWAT-DEG     losses_aa.sd
 SWAT-DEG     plantwx.sd
 SWAT-DEG     plantwx_aa.sd
 SUBBASIN     plantwx_aa.sub
 BASIN     waterbal_aa.bsn
 BASIN     nutbal_aa.bsn
 BASIN     losses_aa.bsn
 BASIN     plantwx_aa.bsn
 CHANNEL     channel.out
 SWAT-DEG CHANNEL     sd_channel.out
 SWAT-DEG CHANNEL     sd_channel_aa.out
 AQUIFER     aquifer.out
 SOILS     soils.out
 MGT     mgt.out
 HYDCON     hydcon.out
 HYDOUT     hyd-out.out
 HYDIN     hyd-in.out
 DEPO     deposition.out
