print.prt: Output print settings - LREW
NYSKIP    JD_START      JD_END    YR_START     YR_END    INTERVAL 
     1           0           0           0          0           1
AA_NUMINT
     0
OBJECTS     WATBAL      NUTBAL      LOSSES    PL/WEAT         AQU       RES     CHAN     PTSRC      
basin        avann       avann       avann     avann         null      null     null      null
region        null        null        null       null        null      null     null      null    
subbasin       mon         mon         mon        mon
hru           null        null        null       null
hru-lte        day         mon         mon        mon
chan         avann
aqu           null
res           null
hyd           null
HYDCON        null
SOLOUT        null
MGTOUT        null      
CSVOUT          no      
FDCOUT          no
