  time  year    unit          flo_mm        stor_mm       height_m     no3_kgN/ha    minp_kgP/ha    orgn_kgN/ha    orgp_kgP/ha       rchrg_mm  rchrgn_kgN/ha        perc_mm   nloss_kgN/ha     seepage mm       revap_mm   nseep_kgN/ha
     0     2       1       1804.457          0.000  631433856.000        119.396          0.000          0.000          0.000        631.434          6.182          0.000          0.000       -691.417          0.000          0.000          0.000          0.000          0.000
     0     2       2       1816.160          0.000  642504448.000        110.255          0.000          0.000          0.000        642.504          5.705          0.000          0.000       -691.417          0.000          0.000          0.000          0.000          0.000
     0     2       3      26045.928          0.000  643941376.000        913.460          0.000          0.000          0.000        643.941          6.053          0.000          0.000     -24917.051          0.000          0.000          0.000          0.000          0.000
     0     2       4      26054.596          0.000  652563776.000        949.601          0.000          0.000          0.000        652.564          6.298          0.000          0.000     -24916.873          0.000          0.000          0.000          0.000          0.000
     0     2       5      26029.484          0.000  626870016.000        849.787          0.000          0.000          0.000        626.870          5.428          0.000          0.000     -24917.166          0.000          0.000          0.000          0.000          0.000
     0     2       6      26033.162          0.000  630018944.000        998.393          0.000          0.000          0.000        630.019          5.523          0.000          0.000     -24916.988          0.000          0.000          0.000          0.000          0.000
     0     2       7      26024.285          0.000  621466944.000        856.065          0.000          0.000          0.000        621.467          5.673          0.000          0.000     -24917.166          0.000          0.000          0.000          0.000          0.000
     0     2       8      26054.287          0.000  651464448.000        839.921          0.000          0.000          0.000        651.464          5.530          0.000          0.000     -24917.213          0.000          0.000          0.000          0.000          0.000
     0     2       9      26045.217          0.000  642726144.000        957.731          0.000          0.000          0.000        642.726          6.249          0.000          0.000     -24916.859          0.000          0.000          0.000          0.000          0.000
     0     2      10      26039.945          0.000  638139968.000        950.248          0.000          0.000          0.000        638.140          5.965          0.000          0.000     -24916.877          0.000          0.000          0.000          0.000          0.000
     0     2      11      26050.193          0.000  647488512.000       1149.832          0.000          0.000          0.000        647.489          6.245          0.000          0.000     -24917.068          0.000          0.000          0.000          0.000          0.000
     0     2      12      26022.713          0.000  619350208.000       1027.815          0.000          0.000          0.000        619.350          5.619          0.000          0.000     -24917.152          0.000          0.000          0.000          0.000          0.000
     0     2      13      26033.363          0.000  630445184.000        986.062          0.000          0.000          0.000        630.445          5.399          0.000          0.000     -24916.941          0.000          0.000          0.000          0.000          0.000
     0     2      14      26052.973          0.000  650322688.000       1047.490          0.000          0.000          0.000        650.323          5.831          0.000          0.000     -24916.980          0.000          0.000          0.000          0.000          0.000
     0     2      15      26053.861          0.000  651637248.000        993.624          0.000          0.000          0.000        651.637          5.534          0.000          0.000     -24916.777          0.000          0.000          0.000          0.000          0.000
     0     2      16       1799.685          0.000  626416128.000         89.430          0.000          0.000          0.000        626.416          4.630          0.000          0.000       -691.417          0.000          0.000          0.000          0.000          0.000
     0     2      17      26054.184          0.000  652630272.000       1172.365          0.000          0.000          0.000        652.630          6.459          0.000          0.000     -24916.531          0.000          0.000          0.000          0.000          0.000
     0     2      18      26045.279          0.000  643422080.000       1115.028          0.000          0.000          0.000        643.422          5.995          0.000          0.000     -24916.654          0.000          0.000          0.000          0.000          0.000
     0     2      19       1832.730          0.000  660846400.000        131.285          0.000          0.000          0.000        660.846          6.799          0.000          0.000       -691.417          0.000          0.000          0.000          0.000          0.000
     0     2      20      26020.635          0.000  617695488.000        900.982          0.000          0.000          0.000        617.696          5.915          0.000          0.000     -24917.234          0.000          0.000          0.000          0.000          0.000
     0     2      21      26028.154          0.000  625694848.000       1168.426          0.000          0.000          0.000        625.695          6.409          0.000          0.000     -24916.918          0.000          0.000          0.000          0.000          0.000
     0     2      22      26065.775          0.000  662602880.000        886.093          0.000          0.000          0.000        662.603          4.963          0.000          0.000     -24917.191          0.000          0.000          0.000          0.000          0.000
     0     2      23      26041.914          0.000  640303104.000        995.236          0.000          0.000          0.000        640.303          6.545          0.000          0.000     -24917.072          0.000          0.000          0.000          0.000          0.000
     0     2      24      26036.258          0.000  632457984.000        821.277          0.000          0.000          0.000        632.458          5.438          0.000          0.000     -24917.725          0.000          0.000          0.000          0.000          0.000
     0     2      25       1801.812          0.000  629629056.000        117.740          0.000          0.000          0.000        629.629          6.097          0.000          0.000       -691.417          0.000          0.000          0.000          0.000          0.000
     0     2      26      26046.074          0.000  643272320.000        895.028          0.000          0.000          0.000        643.272          5.853          0.000          0.000     -24917.100          0.000          0.000          0.000          0.000          0.000
     0     2      27      26027.762          0.000  625716288.000       1026.715          0.000          0.000          0.000        625.716          5.724          0.000          0.000     -24916.725          0.000          0.000          0.000          0.000          0.000
     0     2      28      26030.600          0.000  627170176.000       1010.612          0.000          0.000          0.000        627.170          5.606          0.000          0.000     -24917.176          0.000          0.000          0.000          0.000          0.000
     0     2      29      26041.254          0.000  637890880.000        820.892          0.000          0.000          0.000        637.891          5.199          0.000          0.000     -24917.176          0.000          0.000          0.000          0.000          0.000
     0     2      30       1824.798          0.000  651462656.000         95.132          0.000          0.000          0.000        651.463          4.924          0.000          0.000       -691.417          0.000          0.000          0.000          0.000          0.000
     0     2      31      26042.551          0.000  639952960.000       1112.965          0.000          0.000          0.000        639.953          6.135          0.000          0.000     -24916.740          0.000          0.000          0.000          0.000          0.000
     0     2      32      26061.176          0.000  657737984.000        972.663          0.000          0.000          0.000        657.738          5.364          0.000          0.000     -24917.617          0.000          0.000          0.000          0.000          0.000
     0     2      33      26041.090          0.000  638391552.000       1053.649          0.000          0.000          0.000        638.391          5.785          0.000          0.000     -24917.012          0.000          0.000          0.000          0.000          0.000
     0     2      34      26017.371          0.000  613352832.000        864.482          0.000          0.000          0.000        613.353          5.588          0.000          0.000     -24917.492          0.000          0.000          0.000          0.000          0.000
     0     2      35      26009.699          0.000  606603136.000       1006.231          0.000          0.000          0.000        606.603          5.556          0.000          0.000     -24917.080          0.000          0.000          0.000          0.000          0.000
     0     2      36      26015.395          0.000  613216000.000        930.158          0.000          0.000          0.000        613.216          6.132          0.000          0.000     -24917.053          0.000          0.000          0.000          0.000          0.000
     0     2      37      26062.115          0.000  660658944.000        979.265          0.000          0.000          0.000        660.659          5.516          0.000          0.000     -24916.350          0.000          0.000          0.000          0.000          0.000
     0     2      38      26046.240          0.000  642865024.000        770.106          0.000          0.000          0.000        642.865          4.279          0.000          0.000     -24917.090          0.000          0.000          0.000          0.000          0.000
     0     2      39      26094.510          0.000  691996032.000        882.748          0.000          0.000          0.000        691.996          4.972          0.000          0.000     -24917.432          0.000          0.000          0.000          0.000          0.000
     0     2      40      26059.643          0.000  656677760.000        850.204          0.000          0.000          0.000        656.678          4.870          0.000          0.000     -24917.559          0.000          0.000          0.000          0.000          0.000
     0     2      41      26033.307          0.000  629103488.000        938.190          0.000          0.000          0.000        629.104          6.039          0.000          0.000     -24918.533          0.000          0.000          0.000          0.000          0.000
     0     2      42      26053.469          0.000  652001792.000       1006.017          0.000          0.000          0.000        652.002          5.553          0.000          0.000     -24916.623          0.000          0.000          0.000          0.000          0.000
     0     2      43      26025.367          0.000  622142080.000        964.306          0.000          0.000          0.000        622.142          5.296          0.000          0.000     -24917.178          0.000          0.000          0.000          0.000          0.000
     0     2      44      26019.262          0.000  616850176.000        789.001          0.000          0.000          0.000        616.850          4.994          0.000          0.000     -24916.820          0.000          0.000          0.000          0.000          0.000
     0     2      45      26025.502          0.000  622707200.000       1086.473          0.000          0.000          0.000        622.707          6.027          0.000          0.000     -24916.998          0.000          0.000          0.000          0.000          0.000
     0     2      46      26047.572          0.000  644631552.000        748.796          0.000          0.000          0.000        644.631          4.237          0.000          0.000     -24917.514          0.000          0.000          0.000          0.000          0.000
     0     2      47      26055.080          0.000  652950784.000        846.553          0.000          0.000          0.000        652.951          5.718          0.000          0.000     -24916.928          0.000          0.000          0.000          0.000          0.000
     0     2      48      26043.316          0.000  639629056.000       1175.890          0.000          0.000          0.000        639.629          6.682          0.000          0.000     -24917.451          0.000          0.000          0.000          0.000          0.000
     0     2      49       1823.142          0.000  649855744.000        114.016          0.000          0.000          0.000        649.856          5.902          0.000          0.000       -691.417          0.000          0.000          0.000          0.000          0.000
     0     2      50       1794.740          0.000  623865920.000        117.838          0.000          0.000          0.000        623.866          6.102          0.000          0.000       -691.417          0.000          0.000          0.000          0.000          0.000
     0     2      51      26025.451          0.000  623122240.000        923.652          0.000          0.000          0.000        623.122          6.042          0.000          0.000     -24917.145          0.000          0.000          0.000          0.000          0.000
     0     2      52      26022.480          0.000  620291968.000        951.257          0.000          0.000          0.000        620.292          6.277          0.000          0.000     -24917.164          0.000          0.000          0.000          0.000          0.000
     0     2      53      26042.047          0.000  639779200.000       1152.697          0.000          0.000          0.000        639.779          6.323          0.000          0.000     -24916.947          0.000          0.000          0.000          0.000          0.000
     0     2      54      26039.832          0.000  636756992.000       1080.073          0.000          0.000          0.000        636.757          5.908          0.000          0.000     -24917.184          0.000          0.000          0.000          0.000          0.000
     0     2      55      26027.730          0.000  624215296.000        875.755          0.000          0.000          0.000        624.215          5.733          0.000          0.000     -24917.402          0.000          0.000          0.000          0.000          0.000
     0     2      56       1824.578          0.000  650944512.000        120.410          0.000          0.000          0.000        650.944          6.235          0.000          0.000       -691.417          0.000          0.000          0.000          0.000          0.000
     0     2      57      26036.893          0.000  634263168.000       1065.365          0.000          0.000          0.000        634.263          5.904          0.000          0.000     -24917.000          0.000          0.000          0.000          0.000          0.000
     0     2      58      26026.928          0.000  624614784.000        907.290          0.000          0.000          0.000        624.615          6.000          0.000          0.000     -24917.172          0.000          0.000          0.000          0.000          0.000
     0     2      59      26062.867          0.000  661942400.000       1229.342          0.000          0.000          0.000        661.942          6.819          0.000          0.000     -24916.574          0.000          0.000          0.000          0.000          0.000
     0     2      60      26038.668          0.000  636934912.000       1114.044          0.000          0.000          0.000        636.935          6.207          0.000          0.000     -24916.807          0.000          0.000          0.000          0.000          0.000
     0     2      61      26025.406          0.000  621963328.000        956.924          0.000          0.000          0.000        621.963          5.293          0.000          0.000     -24917.277          0.000          0.000          0.000          0.000          0.000
     0     2      62      26043.953          0.000  640892928.000       1021.775          0.000          0.000          0.000        640.893          5.608          0.000          0.000     -24916.967          0.000          0.000          0.000          0.000          0.000
     0     2      63      26048.684          0.000  645777600.000        839.385          0.000          0.000          0.000        645.778          5.524          0.000          0.000     -24917.297          0.000          0.000          0.000          0.000          0.000
     0     2      64       1840.227          0.000  667187584.000        134.254          0.000          0.000          0.000        667.188          6.954          0.000          0.000       -691.417          0.000          0.000          0.000          0.000          0.000
     0     2      65       1800.396          0.000  627533184.000        118.425          0.000          0.000          0.000        627.533          6.130          0.000          0.000       -691.417          0.000          0.000          0.000          0.000          0.000
     0     2      66      26055.018          0.000  653737344.000       1171.866          0.000          0.000          0.000        653.737          6.460          0.000          0.000     -24916.580          0.000          0.000          0.000          0.000          0.000
     0     2      67      26017.545          0.000  614970240.000       1063.840          0.000          0.000          0.000        614.970          5.909          0.000          0.000     -24917.000          0.000          0.000          0.000          0.000          0.000
     0     2      68      26056.617          0.000  654482176.000        944.858          0.000          0.000          0.000        654.482          5.311          0.000          0.000     -24916.945          0.000          0.000          0.000          0.000          0.000
     0     2      69      26043.070          0.000  640541760.000        742.771          0.000          0.000          0.000        640.542          4.219          0.000          0.000     -24917.412          0.000          0.000          0.000          0.000          0.000
     0     2      70      26036.277          0.000  633506880.000        988.693          0.000          0.000          0.000        633.507          5.508          0.000          0.000     -24917.191          0.000          0.000          0.000          0.000          0.000
     0     2      71      26031.230          0.000  627595904.000        898.083          0.000          0.000          0.000        627.596          5.887          0.000          0.000     -24917.145          0.000          0.000          0.000          0.000          0.000
     0     2      72      26031.754          0.000  628825088.000        855.786          0.000          0.000          0.000        628.825          5.648          0.000          0.000     -24917.150          0.000          0.000          0.000          0.000          0.000
     0     2      73      26022.344          0.000  618995712.000       1013.280          0.000          0.000          0.000        618.996          5.567          0.000          0.000     -24917.254          0.000          0.000          0.000          0.000          0.000
     0     2      74      26035.377          0.000  632827072.000       1004.117          0.000          0.000          0.000        632.827          5.559          0.000          0.000     -24916.873          0.000          0.000          0.000          0.000          0.000
     0     2      75      26054.383          0.000  652625728.000        936.351          0.000          0.000          0.000        652.626          6.237          0.000          0.000     -24917.098          0.000          0.000          0.000          0.000          0.000
     0     2      76      26053.611          0.000  652044416.000       1197.320          0.000          0.000          0.000        652.044          6.692          0.000          0.000     -24916.607          0.000          0.000          0.000          0.000          0.000
     0     2      77      26025.807          0.000  623531136.000       1023.121          0.000          0.000          0.000        623.531          5.565          0.000          0.000     -24916.818          0.000          0.000          0.000          0.000          0.000
     0     2      78      26021.672          0.000  618854976.000        836.563          0.000          0.000          0.000        618.855          5.519          0.000          0.000     -24917.281          0.000          0.000          0.000          0.000          0.000
     0     2      79      26024.570          0.000  621918400.000        951.887          0.000          0.000          0.000        621.918          5.242          0.000          0.000     -24916.473          0.000          0.000          0.000          0.000          0.000
     0     2      80      26048.797          0.000  646245120.000        986.875          0.000          0.000          0.000        646.245          5.465          0.000          0.000     -24916.959          0.000          0.000          0.000          0.000          0.000
     0     2      81      26043.701          0.000  641556032.000        925.256          0.000          0.000          0.000        641.556          6.136          0.000          0.000     -24917.145          0.000          0.000          0.000          0.000          0.000
     0     2      82      26051.533          0.000  648942080.000       1008.612          0.000          0.000          0.000        648.942          5.572          0.000          0.000     -24917.014          0.000          0.000          0.000          0.000          0.000
     0     2      83       1796.185          0.000  622488576.000        101.314          0.000          0.000          0.000        622.489          5.243          0.000          0.000       -691.417          0.000          0.000          0.000          0.000          0.000
     0     2      84       1803.196          0.000  631339136.000        119.369          0.000          0.000          0.000        631.339          6.184          0.000          0.000       -691.417          0.000          0.000          0.000          0.000          0.000
     0     2      85      26031.838          0.000  629109120.000       1091.191          0.000          0.000          0.000        629.109          6.009          0.000          0.000     -24917.023          0.000          0.000          0.000          0.000          0.000
     0     2      86      26023.281          0.000  621667584.000       1130.218          0.000          0.000          0.000        621.668          6.270          0.000          0.000     -24916.625          0.000          0.000          0.000          0.000          0.000
     0     2      87      26036.447          0.000  634497088.000        883.136          0.000          0.000          0.000        634.497          5.865          0.000          0.000     -24916.895          0.000          0.000          0.000          0.000          0.000
     0     2      88      26037.846          0.000  635463296.000       1066.223          0.000          0.000          0.000        635.463          5.920          0.000          0.000     -24916.943          0.000          0.000          0.000          0.000          0.000
     0     2      89      26041.869          0.000  638540672.000        856.453          0.000          0.000          0.000        638.541          5.600          0.000          0.000     -24917.318          0.000          0.000          0.000          0.000          0.000
     0     2      90      26030.207          0.000  627973760.000        999.268          0.000          0.000          0.000        627.974          5.570          0.000          0.000     -24916.506          0.000          0.000          0.000          0.000          0.000
     0     2      91      26018.516          0.000  615306880.000        883.237          0.000          0.000          0.000        615.307          5.761          0.000          0.000     -24917.369          0.000          0.000          0.000          0.000          0.000
     0     2      92      26046.113          0.000  642568704.000        722.678          0.000          0.000          0.000        642.569          4.593          0.000          0.000     -24917.268          0.000          0.000          0.000          0.000          0.000
     0     2      93      26056.582          0.000  653826560.000        910.290          0.000          0.000          0.000        653.827          5.192          0.000          0.000     -24917.447          0.000          0.000          0.000          0.000          0.000
     0     2      94      26051.088          0.000  648486400.000        825.021          0.000          0.000          0.000        648.486          5.449          0.000          0.000     -24917.213          0.000          0.000          0.000          0.000          0.000
     0     2      95      26031.611          0.000  629257344.000       1027.368          0.000          0.000          0.000        629.257          5.726          0.000          0.000     -24916.697          0.000          0.000          0.000          0.000          0.000
     0     2      96      26035.029          0.000  632138112.000       1055.714          0.000          0.000          0.000        632.138          5.840          0.000          0.000     -24916.971          0.000          0.000          0.000          0.000          0.000
     0     2      97      26041.107          0.000  639240960.000        875.473          0.000          0.000          0.000        639.241          4.925          0.000          0.000     -24916.760          0.000          0.000          0.000          0.000          0.000
     0     2      98      26014.582          0.000  611054016.000       1038.704          0.000          0.000          0.000        611.054          5.712          0.000          0.000     -24917.307          0.000          0.000          0.000          0.000          0.000
     0     2      99      26063.738          0.000  662125056.000       1012.149          0.000          0.000          0.000        662.125          5.653          0.000          0.000     -24916.441          0.000          0.000          0.000          0.000          0.000
     0     2     100      26045.621          0.000  643070336.000       1033.418          0.000          0.000          0.000        643.070          5.717          0.000          0.000     -24917.148          0.000          0.000          0.000          0.000          0.000
     0     2     101      26019.373          0.000  617268864.000        909.760          0.000          0.000          0.000        617.269          5.993          0.000          0.000     -24917.094          0.000          0.000          0.000          0.000          0.000
     0     2     102      26026.857          0.000  624083072.000        933.438          0.000          0.000          0.000        624.083          6.106          0.000          0.000     -24917.400          0.000          0.000          0.000          0.000          0.000
     0     2     103      26011.699          0.000  608310016.000        941.125          0.000          0.000          0.000        608.310          5.205          0.000          0.000     -24917.129          0.000          0.000          0.000          0.000          0.000
     0     2     104      26039.145          0.000  637282816.000       1129.132          0.000          0.000          0.000        637.283          6.262          0.000          0.000     -24916.701          0.000          0.000          0.000          0.000          0.000
     0     2     105      26027.943          0.000  625431680.000        992.492          0.000          0.000          0.000        625.432          5.521          0.000          0.000     -24916.750          0.000          0.000          0.000          0.000          0.000
     0     2     106      26038.379          0.000  635684352.000       1107.305          0.000          0.000          0.000        635.684          6.083          0.000          0.000     -24917.029          0.000          0.000          0.000          0.000          0.000
     0     2     107      26033.227          0.000  630564352.000       1095.327          0.000          0.000          0.000        630.564          6.050          0.000          0.000     -24917.029          0.000          0.000          0.000          0.000          0.000
     0     2     108      26029.035          0.000  626831872.000        888.058          0.000          0.000          0.000        626.832          5.819          0.000          0.000     -24916.828          0.000          0.000          0.000          0.000          0.000
     0     2     109      26021.385          0.000  618016512.000        860.512          0.000          0.000          0.000        618.017          4.767          0.000          0.000     -24917.191          0.000          0.000          0.000          0.000          0.000
     0     2     110      26020.326          0.000  617442496.000        871.045          0.000          0.000          0.000        617.442          5.705          0.000          0.000     -24917.119          0.000          0.000          0.000          0.000          0.000
     0     2     111      26067.121          0.000  665823296.000       1093.124          0.000          0.000          0.000        665.823          6.114          0.000          0.000     -24916.395          0.000          0.000          0.000          0.000          0.000
     0     2     112      26055.570          0.000  653479936.000       1022.229          0.000          0.000          0.000        653.480          5.699          0.000          0.000     -24916.881          0.000          0.000          0.000          0.000          0.000
     0     2     113      26038.225          0.000  636609280.000       1057.855          0.000          0.000          0.000        636.609          5.856          0.000          0.000     -24916.754          0.000          0.000          0.000          0.000          0.000
     0     2     114      26051.854          0.000  650353920.000       1093.126          0.000          0.000          0.000        650.354          6.139          0.000          0.000     -24916.705          0.000          0.000          0.000          0.000          0.000
     0     2     115      26029.971          0.000  626237824.000        867.974          0.000          0.000          0.000        626.238          5.740          0.000          0.000     -24917.367          0.000          0.000          0.000          0.000          0.000
     0     2     116      26024.953          0.000  622787200.000       1101.108          0.000          0.000          0.000        622.787          6.100          0.000          0.000     -24916.930          0.000          0.000          0.000          0.000          0.000
     0     2     117      26057.225          0.000  654332800.000        838.798          0.000          0.000          0.000        654.333          5.270          0.000          0.000     -24917.215          0.000          0.000          0.000          0.000          0.000
     0     2     118      26042.160          0.000  638970496.000        984.688          0.000          0.000          0.000        638.970          5.444          0.000          0.000     -24917.285          0.000          0.000          0.000          0.000          0.000
     0     2     119      26027.652          0.000  625979904.000       1140.735          0.000          0.000          0.000        625.980          6.258          0.000          0.000     -24916.664          0.000          0.000          0.000          0.000          0.000
     0     2     120      26022.590          0.000  620810368.000       1032.345          0.000          0.000          0.000        620.810          5.744          0.000          0.000     -24916.912          0.000          0.000          0.000          0.000          0.000
     0     2     121       1801.376          0.000  628346496.000        118.553          0.000          0.000          0.000        628.346          6.139          0.000          0.000       -691.417          0.000          0.000          0.000          0.000          0.000
     0     2     122      26054.895          0.000  652752192.000       1102.967          0.000          0.000          0.000        652.752          6.099          0.000          0.000     -24916.729          0.000          0.000          0.000          0.000          0.000
     0     2     123       1811.922          0.000  638243328.000        130.159          0.000          0.000          0.000        638.243          6.739          0.000          0.000       -691.417          0.000          0.000          0.000          0.000          0.000
     0     2     124      26034.381          0.000  631003520.000        820.435          0.000          0.000          0.000        631.004          5.437          0.000          0.000     -24917.336          0.000          0.000          0.000          0.000          0.000
     0     2     125      26041.129          0.000  638603136.000        985.433          0.000          0.000          0.000        638.603          5.498          0.000          0.000     -24916.852          0.000          0.000          0.000          0.000          0.000
     0     2     126      26026.820          0.000  624050560.000       1056.096          0.000          0.000          0.000        624.051          5.849          0.000          0.000     -24917.119          0.000          0.000          0.000          0.000          0.000
     0     2     127      26061.756          0.000  660361088.000        784.955          0.000          0.000          0.000        660.361          5.053          0.000          0.000     -24916.596          0.000          0.000          0.000          0.000          0.000
     0     2     128      26058.096          0.000  656051840.000        953.075          0.000          0.000          0.000        656.052          5.395          0.000          0.000     -24916.896          0.000          0.000          0.000          0.000          0.000
     0     2     129      26068.373          0.000  666123776.000       1059.205          0.000          0.000          0.000        666.124          5.918          0.000          0.000     -24916.957          0.000          0.000          0.000          0.000          0.000
     0     2     130      26020.855          0.000  618464064.000       1072.371          0.000          0.000          0.000        618.464          5.929          0.000          0.000     -24916.982          0.000          0.000          0.000          0.000          0.000
     0     2     131       1823.368          0.000  649834624.000        104.515          0.000          0.000          0.000        649.835          5.409          0.000          0.000       -691.417          0.000          0.000          0.000          0.000          0.000
     0     2     132      26037.338          0.000  634186752.000        802.111          0.000          0.000          0.000        634.187          5.356          0.000          0.000     -24917.504          0.000          0.000          0.000          0.000          0.000
     0     2     133      26031.566          0.000  628730176.000       1159.190          0.000          0.000          0.000        628.730          6.396          0.000          0.000     -24916.967          0.000          0.000          0.000          0.000          0.000
     0     2     134      26052.041          0.000  649355264.000        742.765          0.000          0.000          0.000        649.355          4.803          0.000          0.000     -24917.047          0.000          0.000          0.000          0.000          0.000
     0     2     135      26048.090          0.000  644208960.000        924.026          0.000          0.000          0.000        644.209          5.279          0.000          0.000     -24917.105          0.000          0.000          0.000          0.000          0.000
     0     2     136      26062.678          0.000  660498816.000       1005.488          0.000          0.000          0.000        660.499          5.570          0.000          0.000     -24916.893          0.000          0.000          0.000          0.000          0.000
     0     2     137      26021.551          0.000  618818304.000        984.614          0.000          0.000          0.000        618.818          5.499          0.000          0.000     -24917.023          0.000          0.000          0.000          0.000          0.000
     0     2     138      26035.047          0.000  632544384.000        934.607          0.000          0.000          0.000        632.544          5.250          0.000          0.000     -24916.781          0.000          0.000          0.000          0.000          0.000
     0     2     139      26024.820          0.000  621976064.000       1015.780          0.000          0.000          0.000        621.976          5.617          0.000          0.000     -24917.023          0.000          0.000          0.000          0.000          0.000
     0     2     140      26064.447          0.000  661531264.000        993.824          0.000          0.000          0.000        661.531          6.282          0.000          0.000     -24917.094          0.000          0.000          0.000          0.000          0.000
     0     2     141       1871.441          0.000  699219840.000        134.624          0.000          0.000          0.000        699.220          6.970          0.000          0.000       -691.417          0.000          0.000          0.000          0.000          0.000
     0     2     142      26026.430          0.000  623536960.000        970.111          0.000          0.000          0.000        623.537          5.329          0.000          0.000     -24916.580          0.000          0.000          0.000          0.000          0.000
     0     2     143      26056.535          0.000  653779712.000        975.642          0.000          0.000          0.000        653.780          5.461          0.000          0.000     -24917.086          0.000          0.000          0.000          0.000          0.000
     0     2     144       1832.704          0.000  660114496.000        107.893          0.000          0.000          0.000        660.114          5.587          0.000          0.000       -691.417          0.000          0.000          0.000          0.000          0.000
     0     2     145      26024.924          0.000  622245824.000       1147.930          0.000          0.000          0.000        622.246          6.345          0.000          0.000     -24916.865          0.000          0.000          0.000          0.000          0.000
     0     2     146      26087.812          0.000  686128896.000        802.104          0.000          0.000          0.000        686.129          4.472          0.000          0.000     -24916.777          0.000          0.000          0.000          0.000          0.000
     0     2     147       1826.347          0.000  654416768.000        129.673          0.000          0.000          0.000        654.417          6.720          0.000          0.000       -691.417          0.000          0.000          0.000          0.000          0.000
     0     2     148      26055.098          0.000  652832896.000       1043.614          0.000          0.000          0.000        652.833          5.804          0.000          0.000     -24916.947          0.000          0.000          0.000          0.000          0.000
     0     2     149      26044.221          0.000  641548608.000       1012.440          0.000          0.000          0.000        641.549          5.612          0.000          0.000     -24917.203          0.000          0.000          0.000          0.000          0.000
     0     2     150       1823.506          0.000  649832448.000        114.505          0.000          0.000          0.000        649.832          5.925          0.000          0.000       -691.417          0.000          0.000          0.000          0.000          0.000
     0     2     151      26026.939          0.000  624494208.000       1119.924          0.000          0.000          0.000        624.494          6.170          0.000          0.000     -24916.965          0.000          0.000          0.000          0.000          0.000
     0     2     152      26037.744          0.000  635570560.000       1133.195          0.000          0.000          0.000        635.571          6.235          0.000          0.000     -24916.777          0.000          0.000          0.000          0.000          0.000
     0     2     153      26047.977          0.000  643960576.000       1106.084          0.000          0.000          0.000        643.961          6.073          0.000          0.000     -24917.867          0.000          0.000          0.000          0.000          0.000
     0     2     154      26052.984          0.000  649723456.000       1121.707          0.000          0.000          0.000        649.724          6.292          0.000          0.000     -24917.473          0.000          0.000          0.000          0.000          0.000
     0     2     155      26035.236          0.000  632340352.000        879.265          0.000          0.000          0.000        632.340          5.562          0.000          0.000     -24917.303          0.000          0.000          0.000          0.000          0.000
     0     2     156       1833.778          0.000  660797376.000        109.252          0.000          0.000          0.000        660.797          5.654          0.000          0.000       -691.417          0.000          0.000          0.000          0.000          0.000
     0     2     157      26028.320          0.000  625423552.000        797.193          0.000          0.000          0.000        625.423          5.067          0.000          0.000     -24917.170          0.000          0.000          0.000          0.000          0.000
     0     2     158      26032.096          0.000  629799808.000       1104.699          0.000          0.000          0.000        629.800          6.132          0.000          0.000     -24917.098          0.000          0.000          0.000          0.000          0.000
     0     2     159      26093.410          0.000  691043904.000        956.358          0.000          0.000          0.000        691.044          6.389          0.000          0.000     -24917.418          0.000          0.000          0.000          0.000          0.000
     0     2     160      26039.898          0.000  637555840.000       1137.117          0.000          0.000          0.000        637.556          6.306          0.000          0.000     -24917.035          0.000          0.000          0.000          0.000          0.000
     0     2     161       1850.779          0.000  677170048.000        125.508          0.000          0.000          0.000        677.170          6.497          0.000          0.000       -691.417          0.000          0.000          0.000          0.000          0.000
     0     2     162       1861.563          0.000  688801792.000         94.117          0.000          0.000          0.000        688.802          4.874          0.000          0.000       -691.417          0.000          0.000          0.000          0.000          0.000
     0     2     163      26049.389          0.000  647128768.000       1034.439          0.000          0.000          0.000        647.129          5.786          0.000          0.000     -24916.977          0.000          0.000          0.000          0.000          0.000
     0     2     164       1835.611          0.000  664559360.000        112.812          0.000          0.000          0.000        664.559          5.844          0.000          0.000       -691.417          0.000          0.000          0.000          0.000          0.000
     0     2     165      26068.662          0.000  666328064.000       1050.314          0.000          0.000          0.000        666.328          5.837          0.000          0.000     -24916.771          0.000          0.000          0.000          0.000          0.000
     0     2     166       1812.373          0.000  639826432.000        116.751          0.000          0.000          0.000        639.826          6.046          0.000          0.000       -691.417          0.000          0.000          0.000          0.000          0.000
     0     2     167       1811.074          0.000  638643520.000        109.484          0.000          0.000          0.000        638.643          5.669          0.000          0.000       -691.417          0.000          0.000          0.000          0.000          0.000
     0     2     168       1812.235          0.000  639340160.000        116.442          0.000          0.000          0.000        639.340          6.029          0.000          0.000       -691.417          0.000          0.000          0.000          0.000          0.000
     0     2     169       1811.123          0.000  638082688.000         95.299          0.000          0.000          0.000        638.083          4.934          0.000          0.000       -691.417          0.000          0.000          0.000          0.000          0.000
     0     2     170       1838.206          0.000  664138176.000         92.570          0.000          0.000          0.000        664.138          4.790          0.000          0.000       -691.417          0.000          0.000          0.000          0.000          0.000
     0     2     171      26042.793          0.000  640308672.000       1167.111          0.000          0.000          0.000        640.309          6.489          0.000          0.000     -24917.084          0.000          0.000          0.000          0.000          0.000
     0     2     172       1819.233          0.000  645391552.000        120.087          0.000          0.000          0.000        645.392          6.218          0.000          0.000       -691.417          0.000          0.000          0.000          0.000          0.000
     0     2     173       1853.679          0.000  681966912.000        116.185          0.000          0.000          0.000        681.967          6.017          0.000          0.000       -691.417          0.000          0.000          0.000          0.000          0.000
     0     2     174      26011.652          0.000  608959232.000        821.812          0.000          0.000          0.000        608.959          5.261          0.000          0.000     -24917.178          0.000          0.000          0.000          0.000          0.000
     0     2     175       1817.187          0.000  643933056.000         96.217          0.000          0.000          0.000        643.933          4.981          0.000          0.000       -691.417          0.000          0.000          0.000          0.000          0.000
     0     2     176       1835.464          0.000  663557120.000        110.855          0.000          0.000          0.000        663.557          5.742          0.000          0.000       -691.417          0.000          0.000          0.000          0.000          0.000
     0     2     177       1810.563          0.000  636854144.000         88.822          0.000          0.000          0.000        636.854          4.599          0.000          0.000       -691.417          0.000          0.000          0.000          0.000          0.000
     0     2     178       1819.779          0.000  645518464.000        112.858          0.000          0.000          0.000        645.518          5.841          0.000          0.000       -691.417          0.000          0.000          0.000          0.000          0.000
     0     2     179      26023.188          0.000  619553216.000        982.527          0.000          0.000          0.000        619.553          5.425          0.000          0.000     -24917.318          0.000          0.000          0.000          0.000          0.000
     0     2     180       1783.519          0.000  610320768.000        105.464          0.000          0.000          0.000        610.321          5.461          0.000          0.000       -691.417          0.000          0.000          0.000          0.000          0.000
     0     2     181       1802.327          0.000  629766528.000        103.686          0.000          0.000          0.000        629.767          5.370          0.000          0.000       -691.417          0.000          0.000          0.000          0.000          0.000
     0     2     182       1838.337          0.000  666044928.000         98.685          0.000          0.000          0.000        666.045          5.110          0.000          0.000       -691.417          0.000          0.000          0.000          0.000          0.000
     0     2     183       1828.676          0.000  655651456.000        112.212          0.000          0.000          0.000        655.651          5.811          0.000          0.000       -691.417          0.000          0.000          0.000          0.000          0.000
     0     2     184       1862.926          0.000  692849280.000        133.919          0.000          0.000          0.000        692.849          6.946          0.000          0.000       -691.417          0.000          0.000          0.000          0.000          0.000
     0     2     185       1821.912          0.000  649040512.000        103.040          0.000          0.000          0.000        649.041          5.334          0.000          0.000       -691.417          0.000          0.000          0.000          0.000          0.000
     0     2     186      26044.375          0.000  641410688.000        932.264          0.000          0.000          0.000        641.411          5.212          0.000          0.000     -24917.289          0.000          0.000          0.000          0.000          0.000
     0     2     187      26042.395          0.000  639484224.000        812.986          0.000          0.000          0.000        639.484          5.382          0.000          0.000     -24917.191          0.000          0.000          0.000          0.000          0.000
     0     2     188      26058.295          0.000  656543872.000        979.541          0.000          0.000          0.000        656.544          5.498          0.000          0.000     -24916.814          0.000          0.000          0.000          0.000          0.000
     0     2     189      26063.115          0.000  659727296.000        943.738          0.000          0.000          0.000        659.727          5.312          0.000          0.000     -24917.430          0.000          0.000          0.000          0.000          0.000
     0     2     190      26048.988          0.000  646372480.000        897.943          0.000          0.000          0.000        646.372          6.000          0.000          0.000     -24917.154          0.000          0.000          0.000          0.000          0.000
     0     2     191       1844.103          0.000  670303104.000        117.018          0.000          0.000          0.000        670.303          6.058          0.000          0.000       -691.417          0.000          0.000          0.000          0.000          0.000
     0     2     192       1837.045          0.000  665162368.000         96.584          0.000          0.000          0.000        665.162          5.003          0.000          0.000       -691.417          0.000          0.000          0.000          0.000          0.000
     0     2     193      26040.684          0.000  638109824.000       1113.964          0.000          0.000          0.000        638.110          6.147          0.000          0.000     -24917.199          0.000          0.000          0.000          0.000          0.000
     0     2     194       1845.332          0.000  671237504.000        132.907          0.000          0.000          0.000        671.237          6.881          0.000          0.000       -691.417          0.000          0.000          0.000          0.000          0.000
     0     2     195      26049.406          0.000  646433792.000       1088.808          0.000          0.000          0.000        646.434          6.051          0.000          0.000     -24917.268          0.000          0.000          0.000          0.000          0.000
     0     2     196       1820.607          0.000  645664832.000        141.983          0.000          0.000          0.000        645.665          7.351          0.000          0.000       -691.417          0.000          0.000          0.000          0.000          0.000
     0     2     197      26041.996          0.000  638796928.000        813.155          0.000          0.000          0.000        638.797          5.199          0.000          0.000     -24917.432          0.000          0.000          0.000          0.000          0.000
     0     2     198      26047.309          0.000  644525312.000       1033.773          0.000          0.000          0.000        644.525          5.713          0.000          0.000     -24917.168          0.000          0.000          0.000          0.000          0.000
     0     2     199       1826.037          0.000  651529216.000         91.606          0.000          0.000          0.000        651.529          4.744          0.000          0.000       -691.417          0.000          0.000          0.000          0.000          0.000
     0     2     200       1822.847          0.000  648115968.000        135.723          0.000          0.000          0.000        648.116          7.027          0.000          0.000       -691.417          0.000          0.000          0.000          0.000          0.000
     0     2     201      26042.637          0.000  639506048.000        854.384          0.000          0.000          0.000        639.506          4.817          0.000          0.000     -24917.607          0.000          0.000          0.000          0.000          0.000
     0     2     202       1853.550          0.000  680245504.000         98.333          0.000          0.000          0.000        680.246          5.089          0.000          0.000       -691.417          0.000          0.000          0.000          0.000          0.000
     0     2     203      26049.006          0.000  646628928.000       1101.749          0.000          0.000          0.000        646.629          6.101          0.000          0.000     -24917.002          0.000          0.000          0.000          0.000          0.000
     0     2     204       1836.451          0.000  663430016.000        118.694          0.000          0.000          0.000        663.430          6.146          0.000          0.000       -691.417          0.000          0.000          0.000          0.000          0.000
     0     2     205      26051.309          0.000  649147904.000       1011.394          0.000          0.000          0.000        649.148          6.797          0.000          0.000     -24917.145          0.000          0.000          0.000          0.000          0.000
     0     2     206      26042.355          0.000  638177152.000        807.325          0.000          0.000          0.000        638.177          4.544          0.000          0.000     -24918.416          0.000          0.000          0.000          0.000          0.000
     0     2     207      26050.992          0.000  648418048.000       1065.616          0.000          0.000          0.000        648.418          5.903          0.000          0.000     -24917.133          0.000          0.000          0.000          0.000          0.000
     0     2     208      26035.789          0.000  632277696.000       1071.313          0.000          0.000          0.000        632.278          6.011          0.000          0.000     -24917.510          0.000          0.000          0.000          0.000          0.000
     0     2     209       1810.518          0.000  635694464.000        121.299          0.000          0.000          0.000        635.694          6.279          0.000          0.000       -691.417          0.000          0.000          0.000          0.000          0.000
     0     2     210       1798.679          0.000  624274432.000        106.558          0.000          0.000          0.000        624.274          5.515          0.000          0.000       -691.417          0.000          0.000          0.000          0.000          0.000
     0     2     211       1861.507          0.000  688911168.000        117.784          0.000          0.000          0.000        688.911          6.097          0.000          0.000       -691.417          0.000          0.000          0.000          0.000          0.000
     0     2     212       1854.672          0.000  682337408.000        136.889          0.000          0.000          0.000        682.337          7.090          0.000          0.000       -691.417          0.000          0.000          0.000          0.000          0.000
     0     2     213      26049.605          0.000  647295808.000        925.853          0.000          0.000          0.000        647.296          6.230          0.000          0.000     -24917.170          0.000          0.000          0.000          0.000          0.000
     0     2     214       1787.362          0.000  614851200.000        109.535          0.000          0.000          0.000        614.851          5.671          0.000          0.000       -691.417          0.000          0.000          0.000          0.000          0.000
     0     2     215       1876.762          0.000  705660544.000        103.937          0.000          0.000          0.000        705.661          5.382          0.000          0.000       -691.417          0.000          0.000          0.000          0.000          0.000
     0     2     216       1831.449          0.000  656846080.000        146.723          0.000          0.000          0.000        656.846          7.597          0.000          0.000       -691.417          0.000          0.000          0.000          0.000          0.000
     0     2     217       1818.708          0.000  645224512.000        120.050          0.000          0.000          0.000        645.225          6.213          0.000          0.000       -691.417          0.000          0.000          0.000          0.000          0.000
     0     2     218      26058.484          0.000  657206528.000        983.249          0.000          0.000          0.000        657.207          5.513          0.000          0.000     -24916.574          0.000          0.000          0.000          0.000          0.000
     0     2     219      26081.697          0.000  678384192.000        767.166          0.000          0.000          0.000        678.384          5.047          0.000          0.000     -24917.619          0.000          0.000          0.000          0.000          0.000
     0     2     220      26055.570          0.000  652545984.000       1052.757          0.000          0.000          0.000        652.546          5.908          0.000          0.000     -24917.365          0.000          0.000          0.000          0.000          0.000
     0     2     221      26052.609          0.000  650028416.000       1133.149          0.000          0.000          0.000        650.028          6.210          0.000          0.000     -24916.990          0.000          0.000          0.000          0.000          0.000
     0     2     222       1824.731          0.000  650830336.000        106.167          0.000          0.000          0.000        650.830          5.496          0.000          0.000       -691.417          0.000          0.000          0.000          0.000          0.000
     0     2     223      26049.588          0.000  646741888.000        838.535          0.000          0.000          0.000        646.742          4.760          0.000          0.000     -24917.162          0.000          0.000          0.000          0.000          0.000
     0     2     224      26046.648          0.000  643567424.000        960.671          0.000          0.000          0.000        643.567          5.341          0.000          0.000     -24917.371          0.000          0.000          0.000          0.000          0.000
     0     2     225       1807.896          0.000  633820032.000         96.604          0.000          0.000          0.000        633.820          5.001          0.000          0.000       -691.417          0.000          0.000          0.000          0.000          0.000
     0     2     226       1818.064          0.000  643827136.000        110.732          0.000          0.000          0.000        643.827          5.732          0.000          0.000       -691.417          0.000          0.000          0.000          0.000          0.000
     0     2     227       1833.219          0.000  660786432.000        109.439          0.000          0.000          0.000        660.786          5.667          0.000          0.000       -691.417          0.000          0.000          0.000          0.000          0.000
     0     2     228       1843.129          0.000  672759424.000         98.498          0.000          0.000          0.000        672.759          5.103          0.000          0.000       -691.417          0.000          0.000          0.000          0.000          0.000
     0     2     229      26068.842          0.000  666582144.000        976.349          0.000          0.000          0.000        666.582          5.466          0.000          0.000     -24916.861          0.000          0.000          0.000          0.000          0.000
     0     2     230       1813.560          0.000  639157120.000         93.982          0.000          0.000          0.000        639.157          4.866          0.000          0.000       -691.417          0.000          0.000          0.000          0.000          0.000
     0     2     231       1845.003          0.000  673898112.000        108.971          0.000          0.000          0.000        673.898          5.644          0.000          0.000       -691.417          0.000          0.000          0.000          0.000          0.000
     0     2     232       1831.040          0.000  657211072.000        102.160          0.000          0.000          0.000        657.211          5.288          0.000          0.000       -691.417          0.000          0.000          0.000          0.000          0.000
     0     2     233       1828.834          0.000  655092224.000        130.489          0.000          0.000          0.000        655.092          6.757          0.000          0.000       -691.417          0.000          0.000          0.000          0.000          0.000
     0     2     234       1827.062          0.000  652320960.000        144.811          0.000          0.000          0.000        652.321          7.498          0.000          0.000       -691.417          0.000          0.000          0.000          0.000          0.000
     0     2     235       1814.150          0.000  640717248.000        111.746          0.000          0.000          0.000        640.717          5.786          0.000          0.000       -691.417          0.000          0.000          0.000          0.000          0.000
     0     2     236      26055.709          0.000  652340032.000        931.976          0.000          0.000          0.000        652.340          5.200          0.000          0.000     -24917.570          0.000          0.000          0.000          0.000          0.000
     0     2     237       1815.824          0.000  642938496.000         89.960          0.000          0.000          0.000        642.938          4.658          0.000          0.000       -691.417          0.000          0.000          0.000          0.000          0.000
     0     2     238       1826.904          0.000  652768128.000        109.038          0.000          0.000          0.000        652.768          5.646          0.000          0.000       -691.417          0.000          0.000          0.000          0.000          0.000
     0     2     239       1806.484          0.000  634674496.000        116.626          0.000          0.000          0.000        634.674          6.040          0.000          0.000       -691.417          0.000          0.000          0.000          0.000          0.000
     0     2     240      26038.896          0.000  634229888.000       1008.349          0.000          0.000          0.000        634.230          5.332          0.000          0.000     -24919.285          0.000          0.000          0.000          0.000          0.000
     0     2     241      26047.342          0.000  645426560.000        937.429          0.000          0.000          0.000        645.427          5.295          0.000          0.000     -24917.006          0.000          0.000          0.000          0.000          0.000
     0     2     242      26070.236          0.000  667522240.000        994.463          0.000          0.000          0.000        667.522          5.550          0.000          0.000     -24917.215          0.000          0.000          0.000          0.000          0.000
     0     2     243      26062.066          0.000  658867968.000        941.128          0.000          0.000          0.000        658.868          5.252          0.000          0.000     -24917.539          0.000          0.000          0.000          0.000          0.000
     0     2     244      26040.754          0.000  637350912.000       1003.316          0.000          0.000          0.000        637.351          5.624          0.000          0.000     -24917.459          0.000          0.000          0.000          0.000          0.000
     0     2     245       1826.509          0.000  651945216.000        143.426          0.000          0.000          0.000        651.945          7.426          0.000          0.000       -691.417          0.000          0.000          0.000          0.000          0.000
