print.prt: Output print settings - LREW_HRU-lte
NYSKIP    JD_START      JD_END    YR_START     YR_END    INTERVAL 
     0           1         366        1964       2016           1
AA_NUMINT
     0
OBJECTS     WATBAL      NUTBAL      LOSSES    PL/WEAT         AQU       RES     CHAN     PTSRC      
basin        avann       avann       avann      avann        null      null     null      null
region        null        null        null       null        null      null     null      null    
subbasin      null        null        null       null
hru           null        null        null       null
hru-lte       year         day         day        day
chan           day
aqu           null
res           null
hyd           null
HYDCON        null
SOLOUT        null
MGTOUT        null      
CSVOUT          no      
FDCOUT          no
