 FILES_OUT - OUTPUT FILES WRITTEN
 SWAT-DEG     waterbal_aa.sd
 SWAT-DEG     losses_aa.sd
 SWAT-DEG     plantwx_aa.sd
 SUBBASIN     waterbal.sub
 SUBBASIN     waterbal_aa.sub
 SUBBASIN     nutbal_aa.sub
 SUBBASIN     losses_aa.sub
 SUBBASIN     plantwx.sub
 SUBBASIN     plantwx_aa.sub
 BASIN     waterbal.bsn
 BASIN     waterbal_aa.bsn
 BASIN     nutbal_aa.bsn
 BASIN     losses_aa.bsn
 BASIN     plantwx.bsn
 BASIN     plantwx_aa.bsn
 CHANNEL     channel.out
 CHANNEL     channel_aa.out
 SWAT-DEG CHANNEL     sd_channel.out
 AQUIFER     aquifer.out
 AQUIFER     aquifer_aa.out
 HYDOUT     hyd-out.out
 HYDIN     hyd-in.out
 DEPO     deposition.out
