print.prt: Output print settings - LREW_HRU-lte
NYSKIP    JD_START      JD_END    YR_START     YR_END    INTERVAL 
     0           0           0           0          0           1
AA_NUMINT
     0
OBJECTS     WATBAL      NUTBAL      LOSSES    PL/WEAT         AQU       RES     CHAN     PTSRC      
basin          mon       avann       avann        mon        null      null     null      null
region        null        null        null       null        null      null     null      null    
subbasin       mon       avann       avann        mon
hru            mon       avann       avann        mon
hru-lte      avann       avann       avann      avann
chan           mon
aqu            mon
res           null
hyd           null
HYDCON        null
SOLOUT        null
MGTOUT        null      
CSVOUT          no      
FDCOUT          no
